#
# A fatal error has been detected by the Java Runtime Environment:
#
#  SIGSEGV (0xb) at pc=0x0000000129744381, pid=6152, tid=1299
#
# JRE version: Java(TM) SE Runtime Environment (8.0_31-b13) (build 1.8.0_31-b13)
# Java VM: Java HotSpot(TM) 64-Bit Server VM (25.31-b07 mixed mode bsd-amd64 compressed oops)
# Problematic frame:
# C  [libglass.dylib+0x16381]  GlassScreenDidChangeScreenParameters+0x21
#
# Failed to write core dump. Core dumps have been disabled. To enable core dumping, try "ulimit -c unlimited" before starting Java again
#
# If you would like to submit a bug report, please visit:
#   http://bugreport.java.com/bugreport/crash.jsp
#

---------------  T H R E A D  ---------------

Current thread is native thread

siginfo: si_signo: 11 (SIGSEGV), si_code: 1 (SEGV_MAPERR), si_addr: 0x0000000000000000

Registers:
RAX=0x0000000129776d48, RBX=0x0000000000000000, RCX=0xf5005f8136a79443, RDX=0x00007fff7bdaf1f8
RSP=0x00007fff507fe860, RBP=0x00007fff507fe870, RSI=0x00007fea69d044a0, RDI=0x0000000000000000
R8 =0x00007fff507fe710, R9 =0x00007fff7c45f300, R10=0x0000000000000000, R11=0x0000000000000246
R12=0x00007fea69d08610, R13=0x00000000000f426a, R14=0x00007fea69e4f7e0, R15=0x00007fff507fe9b0
RIP=0x0000000129744381, EFLAGS=0x0000000000010246, ERR=0x0000000000000004
  TRAPNO=0x000000000000000e

Top of Stack: (sp=0x00007fff507fe860)
0x00007fff507fe860:   00007fff507fea40 00007fea69e4f7e0
0x00007fff507fe870:   00007fff507fe880 00007fff97d1b45c
0x00007fff507fe880:   00007fff507febe0 00007fff97c0b634
0x00007fff507fe890:   00007fff507fe8e0 0000000000001400
0x00007fff507fe8a0:   00007fff7c16fed0 00007fea69d4b690
0x00007fff507fe8b0:   0000000000001002 0000000000000270
0x00007fff507fe8c0:   00007fea69d4b690 00007fea69e4f7e0
0x00007fff507fe8d0:   0000000000000000 00007fff507fe9b0
0x00007fff507fe8e0:   0000000000000000 00007fea69e4f7a0
0x00007fff507fe8f0:   00007fff507fea30 000000000000001a
0x00007fff507fe900:   00000000000f4289 00007fea69d3fac0
0x00007fff507fe910:   00007fea69e3d250 00007fea69d08610
0x00007fff507fe920:   0000000000000001 00000000000f426a
0x00007fff507fe930:   00007fea69d08600 00007fff92d3eacb
0x00007fff507fe940:   0000000000000001 0000000000000001
0x00007fff507fe950:   0000000000000030 0000000000000001
0x00007fff507fe960:   00007fff507fe980 00007fff92d44231
0x00007fff507fe970:   00007fff7c16dfb0 0000000000000000
0x00007fff507fe980:   00007fff507fe9a0 0000000000000005
0x00007fff507fe990:   0000320300000040 00007fea69d08634
0x00007fff507fe9a0:   0000000000000000 00007fff97c0110f
0x00007fff507fe9b0:   00007fea69e4f7e0 00007fff7c16dfb0
0x00007fff507fe9c0:   00007fff507fea40 00007fff97c09c3f
0x00007fff507fe9d0:   00007fff507fea30 00007fea69f589d0
0x00007fff507fe9e0:   000000010f41ba00 0000000000000002
0x00007fff507fe9f0:   000000010f418000 00007fea69d2e0b2
0x00007fff507fea00:   0000000000000003 000000010f41ce00
0x00007fff507fea10:   00007fff507feb00 00007fff92d3d2a2
0x00007fff507fea20:   00007fea69e3cda0 00007fff507febe8
0x00007fff507fea30:   0000000000000017 0000000000000000
0x00007fff507fea40:   00000000000f426a 00007fff97c01403
0x00007fff507fea50:   00007fff00000000 00007fea69d440b0 

Instructions: (pc=0x0000000129744381)
0x0000000129744361:   48 89 e5 41 56 53 48 8d 05 d2 2a 03 00 48 83 38
0x0000000129744371:   00 48 89 fb 75 72 48 8d 05 ca 29 03 00 48 8b 30
0x0000000129744381:   48 8b 03 48 8d 15 7c 99 01 00 48 8d 0d 5e 6f 01
0x0000000129744391:   00 48 89 df ff 90 88 03 00 00 48 8d 0d 9e 2a 03 

Register to memory mapping:

RAX=0x0000000129776d48: jScreenClass+0 in /Library/Java/JavaVirtualMachines/jdk1.8.0_31.jdk/Contents/Home/jre/lib/libglass.dylib at 0x000000012972e000
RBX=0x0000000000000000 is an unknown value
RCX=0xf5005f8136a79443 is an unknown value
RDX=0x00007fff7bdaf1f8: __sFX+0x1c8 in /usr/lib/system/libsystem_c.dylib at 0x00007fff96390000
RSP=0x00007fff507fe860 is an unknown value
RBP=0x00007fff507fe870 is an unknown value
RSI=0x00007fea69d044a0 is a global jni handle
RDI=0x0000000000000000 is an unknown value
R8 =0x00007fff507fe710 is an unknown value
R9 =0x00007fff7c45f300: _thread+0 in /usr/lib/system/libsystem_pthread.dylib at 0x00007fff99889000
R10=0x0000000000000000 is an unknown value
R11=0x0000000000000246 is an unknown value
R12=0x00007fea69d08610 is an unknown value
R13=0x00000000000f426a is an unknown value
R14=0x00007fea69e4f7e0 is an unknown value
R15=0x00007fff507fe9b0 is an unknown value


Stack: [0x00007fff50002000,0x00007fff50802000],  sp=0x00007fff507fe860,  free space=8178k
Native frames: (J=compiled Java code, j=interpreted, Vv=VM code, C=native code)
C  [libglass.dylib+0x16381]  GlassScreenDidChangeScreenParameters+0x21
C  [CoreFoundation+0x12045c]  __CFNOTIFICATIONCENTER_IS_CALLING_OUT_TO_AN_OBSERVER__+0xc
C  [CoreFoundation+0x10634]  _CFXNotificationPost+0xc44
C  [Foundation+0x79d1]  -[NSNotificationCenter postNotificationName:object:userInfo:]+0x42
C  [AppKit+0x40df7e]  -[NSApplication _reactToScreenInvalidationImmediately:]+0x17b
C  [AppKit+0x40ddc7]  __44-[NSApplication _reactToScreenInvalidation:]_block_invoke+0x4b
C  [CoreFoundation+0x808ec]  __CFRUNLOOP_IS_CALLING_OUT_TO_A_BLOCK__+0xc
C  [CoreFoundation+0x729f5]  __CFRunLoopDoBlocks+0x155
C  [CoreFoundation+0x72536]  __CFRunLoopRun+0x716
C  [CoreFoundation+0x71bd8]  CFRunLoopRunSpecific+0x128
C  [java+0x56cc]  CreateExecutionEnvironment+0x367
C  [java+0x165c]  JLI_Launch+0x7a0
C  [java+0x768a]  main+0x65
C  [java+0xeb4]  start+0x34


---------------  P R O C E S S  ---------------

VM state:at safepoint (normal execution)

VM Mutex/Monitor currently owned by a thread:  ([mutex/lock_event])
[0x00007fea69f01ce0] Threads_lock - owner thread: 0x00007fea6a049800
[0x00007fea69f021e0] Heap_lock - owner thread: 0x00007fea6b879800

Heap:
 PSYoungGen      total 38400K, used 13888K [0x0000000795580000, 0x0000000798000000, 0x00000007c0000000)
  eden space 33280K, 41% used [0x0000000795580000,0x00000007963100d0,0x0000000797600000)
  from space 5120K, 0% used [0x0000000797b00000,0x0000000797b00000,0x0000000798000000)
  to   space 5120K, 0% used [0x0000000797600000,0x0000000797600000,0x0000000797b00000)
 ParOldGen       total 87552K, used 0K [0x0000000740000000, 0x0000000745580000, 0x0000000795580000)
  object space 87552K, 0% used [0x0000000740000000,0x0000000740000000,0x0000000745580000)
 Metaspace       used 6905K, capacity 7208K, committed 7424K, reserved 1056768K
  class space    used 826K, capacity 899K, committed 1024K, reserved 1048576K

Card table byte_map: [0x00000001201e2000,0x00000001205e3000] byte_map_base: 0x000000011c7e2000

Marking Bits: (ParMarkBitMap*) 0x000000011069e410
 Begin Bits: [0x0000000120c9a000, 0x0000000122c9a000)
 End Bits:   [0x0000000122c9a000, 0x0000000124c9a000)

Polling page: 0x000000010f555000

CodeCache: size=245760Kb used=2082Kb max_used=2082Kb free=243677Kb
 bounds [0x0000000110e22000, 0x0000000111092000, 0x000000011fe22000]
 total_blobs=857 nmethods=478 adapters=294
 compilation: enabled

Compilation events (10 events):
Event: 0.963 Thread 0x00007fea6a80c800  474       3       jdk.internal.org.objectweb.asm.MethodWriter::visitMethodInsn (220 bytes)
Event: 0.964 Thread 0x00007fea6a80c800 nmethod 474 0x0000000111028590 code [0x0000000111028780, 0x0000000111028e28]
Event: 0.964 Thread 0x00007fea6a80c800  475       3       jdk.internal.org.objectweb.asm.ClassWriter::newMethodItem (91 bytes)
Event: 0.965 Thread 0x00007fea6a80c800 nmethod 475 0x0000000111029190 code [0x0000000111029380, 0x00000001110299f8]
Event: 0.965 Thread 0x00007fea6a80c800  477       3       java.nio.ByteBuffer::arrayOffset (35 bytes)
Event: 0.966 Thread 0x00007fea6a80c800 nmethod 477 0x0000000111029e50 code [0x0000000111029fe0, 0x000000011102a2d8]
Event: 0.966 Thread 0x00007fea6a80c800  478       3       java.nio.CharBuffer::arrayOffset (35 bytes)
Event: 0.966 Thread 0x00007fea6a80c800 nmethod 478 0x000000011102a410 code [0x000000011102a5a0, 0x000000011102a898]
Event: 0.966 Thread 0x00007fea6a80c800  476       1       java.lang.invoke.InnerClassLambdaMetafactory::access$300 (5 bytes)
Event: 0.966 Thread 0x00007fea6a80c800 nmethod 476 0x000000011102a9d0 code [0x000000011102ab20, 0x000000011102ac10]

GC Heap History (0 events):
No events

Deoptimization events (0 events):
No events

Internal exceptions (10 events):
Event: 0.256 Thread 0x00007fea6a00d800 Exception <a 'java/lang/ClassNotFoundException': java/lang/Null> (0x0000000795910888) thrown at [/Users/java_re/workspace/8-2-build-macosx-x86_64/jdk8u31/2394/hotspot/src/share/vm/classfile/systemDictionary.cpp, line 202]
Event: 0.292 Thread 0x00007fea6a00d800 Exception <a 'java/lang/NoSuchFieldError': method resolution failed> (0x00000007959754a8) thrown at [/Users/java_re/workspace/8-2-build-macosx-x86_64/jdk8u31/2394/hotspot/src/share/vm/prims/methodHandles.cpp, line 1159]
Event: 0.298 Thread 0x00007fea6a00d800 Exception <a 'java/lang/NoSuchFieldError': method resolution failed> (0x00000007959840a0) thrown at [/Users/java_re/workspace/8-2-build-macosx-x86_64/jdk8u31/2394/hotspot/src/share/vm/prims/methodHandles.cpp, line 1159]
Event: 0.299 Thread 0x00007fea6a00d800 Exception <a 'java/lang/NoSuchFieldError': method resolution failed> (0x0000000795987200) thrown at [/Users/java_re/workspace/8-2-build-macosx-x86_64/jdk8u31/2394/hotspot/src/share/vm/prims/methodHandles.cpp, line 1159]
Event: 0.327 Thread 0x00007fea6b0ee000 Exception <a 'java/security/PrivilegedActionException'> (0x0000000795a318b8) thrown at [/Users/java_re/workspace/8-2-build-macosx-x86_64/jdk8u31/2394/hotspot/src/share/vm/prims/jvm.cpp, line 1312]
Event: 0.327 Thread 0x00007fea6b0ee000 Exception <a 'java/security/PrivilegedActionException'> (0x0000000795a31a70) thrown at [/Users/java_re/workspace/8-2-build-macosx-x86_64/jdk8u31/2394/hotspot/src/share/vm/prims/jvm.cpp, line 1312]
Event: 0.328 Thread 0x00007fea6b0ee000 Exception <a 'java/security/PrivilegedActionException'> (0x0000000795a34c60) thrown at [/Users/java_re/workspace/8-2-build-macosx-x86_64/jdk8u31/2394/hotspot/src/share/vm/prims/jvm.cpp, line 1312]
Event: 0.328 Thread 0x00007fea6b0ee000 Exception <a 'java/security/PrivilegedActionException'> (0x0000000795a34e18) thrown at [/Users/java_re/workspace/8-2-build-macosx-x86_64/jdk8u31/2394/hotspot/src/share/vm/prims/jvm.cpp, line 1312]
Event: 0.328 Thread 0x00007fea6b0ee000 Exception <a 'java/lang/NullPointerException'> (0x0000000795a36730) thrown at [/Users/java_re/workspace/8-2-build-macosx-x86_64/jdk8u31/2394/hotspot/src/share/vm/interpreter/linkResolver.cpp, line 1178]
Event: 0.964 Thread 0x00007fea6a00d800 Exception <a 'java/lang/reflect/InvocationTargetException'> (0x00000007959c5eb0) thrown at [/Users/java_re/workspace/8-2-build-macosx-x86_64/jdk8u31/2394/hotspot/src/share/vm/runtime/reflection.cpp, line 1080]

Events (10 events):
Event: 0.964 loading class java/lang/Throwable$WrappedPrintStream done
Event: 0.964 loading class java/util/IdentityHashMap$KeySet
Event: 0.964 loading class java/util/IdentityHashMap$KeySet done
Event: 0.966 Thread 0x00007fea6a00d800 Thread exited: 0x00007fea6a00d800
Event: 0.966 Thread 0x00007fea6b879800 Thread added: 0x00007fea6b879800
Event: 0.966 loading class java/util/IdentityHashMap$KeyIterator
Event: 0.966 loading class java/util/IdentityHashMap$IdentityHashMapIterator
Event: 0.966 loading class java/util/IdentityHashMap$IdentityHashMapIterator done
Event: 0.966 loading class java/util/IdentityHashMap$KeyIterator done
Event: 0.967 Thread 0x00007fea6b879800 Thread exited: 0x00007fea6b879800


Dynamic libraries:
0x0000000009efc000 	/System/Library/Frameworks/Cocoa.framework/Versions/A/Cocoa
0x0000000009efc000 	/System/Library/Frameworks/Security.framework/Versions/A/Security
0x0000000009efc000 	/System/Library/Frameworks/ApplicationServices.framework/Versions/A/ApplicationServices
0x0000000009efc000 	/usr/lib/libz.1.dylib
0x0000000009efc000 	/usr/lib/libSystem.B.dylib
0x0000000009efc000 	/usr/lib/libobjc.A.dylib
0x0000000009efc000 	/System/Library/Frameworks/CoreFoundation.framework/Versions/A/CoreFoundation
0x0000000009efc000 	/System/Library/Frameworks/Foundation.framework/Versions/C/Foundation
0x0000000009efc000 	/System/Library/Frameworks/AppKit.framework/Versions/C/AppKit
0x0000000009efc000 	/System/Library/Frameworks/CoreData.framework/Versions/A/CoreData
0x0000000009efc000 	/System/Library/PrivateFrameworks/RemoteViewServices.framework/Versions/A/RemoteViewServices
0x0000000009efc000 	/System/Library/PrivateFrameworks/UIFoundation.framework/Versions/A/UIFoundation
0x0000000009efc000 	/System/Library/Frameworks/IOSurface.framework/Versions/A/IOSurface
0x0000000009efc000 	/System/Library/Frameworks/AudioToolbox.framework/Versions/A/AudioToolbox
0x0000000009efc000 	/System/Library/Frameworks/AudioUnit.framework/Versions/A/AudioUnit
0x0000000009efc000 	/System/Library/PrivateFrameworks/DataDetectorsCore.framework/Versions/A/DataDetectorsCore
0x0000000009efc000 	/System/Library/PrivateFrameworks/DesktopServicesPriv.framework/Versions/A/DesktopServicesPriv
0x0000000009efc000 	/System/Library/Frameworks/Carbon.framework/Versions/A/Frameworks/HIToolbox.framework/Versions/A/HIToolbox
0x0000000009efc000 	/System/Library/Frameworks/QuartzCore.framework/Versions/A/QuartzCore
0x0000000009efc000 	/System/Library/Frameworks/Carbon.framework/Versions/A/Frameworks/SpeechRecognition.framework/Versions/A/SpeechRecognition
0x0000000009efc000 	/usr/lib/libauto.dylib
0x0000000009efc000 	/usr/lib/libicucore.A.dylib
0x0000000009efc000 	/usr/lib/libxml2.2.dylib
0x0000000009efc000 	/System/Library/PrivateFrameworks/CoreUI.framework/Versions/A/CoreUI
0x0000000009efc000 	/System/Library/Frameworks/CoreAudio.framework/Versions/A/CoreAudio
0x0000000009efc000 	/System/Library/Frameworks/DiskArbitration.framework/Versions/A/DiskArbitration
0x0000000009efc000 	/usr/lib/liblangid.dylib
0x0000000009efc000 	/System/Library/PrivateFrameworks/MultitouchSupport.framework/Versions/A/MultitouchSupport
0x0000000009efc000 	/System/Library/Frameworks/IOKit.framework/Versions/A/IOKit
0x0000000009efc000 	/usr/lib/libDiagnosticMessagesClient.dylib
0x0000000009efc000 	/System/Library/Frameworks/CoreServices.framework/Versions/A/CoreServices
0x0000000009efc000 	/System/Library/PrivateFrameworks/PerformanceAnalysis.framework/Versions/A/PerformanceAnalysis
0x0000000009efc000 	/System/Library/PrivateFrameworks/GenerationalStorage.framework/Versions/A/GenerationalStorage
0x0000000009efc000 	/System/Library/Frameworks/OpenGL.framework/Versions/A/OpenGL
0x0000000009efc000 	/System/Library/PrivateFrameworks/Sharing.framework/Versions/A/Sharing
0x0000000009efc000 	/System/Library/Frameworks/CoreGraphics.framework/Versions/A/CoreGraphics
0x0000000009efc000 	/System/Library/Frameworks/CoreText.framework/Versions/A/CoreText
0x0000000009efc000 	/System/Library/Frameworks/ImageIO.framework/Versions/A/ImageIO
0x0000000009efc000 	/usr/lib/libextension.dylib
0x0000000009efc000 	/System/Library/PrivateFrameworks/Backup.framework/Versions/A/Backup
0x0000000009efc000 	/usr/lib/libarchive.2.dylib
0x0000000009efc000 	/System/Library/Frameworks/CFNetwork.framework/Versions/A/CFNetwork
0x0000000009efc000 	/System/Library/Frameworks/SystemConfiguration.framework/Versions/A/SystemConfiguration
0x0000000009efc000 	/usr/lib/libCRFSuite.dylib
0x0000000009efc000 	/usr/lib/libc++.1.dylib
0x0000000009efc000 	/usr/lib/libc++abi.dylib
0x0000000009efc000 	/usr/lib/system/libcache.dylib
0x0000000009efc000 	/usr/lib/system/libcommonCrypto.dylib
0x0000000009efc000 	/usr/lib/system/libcompiler_rt.dylib
0x0000000009efc000 	/usr/lib/system/libcopyfile.dylib
0x0000000009efc000 	/usr/lib/system/libcorecrypto.dylib
0x0000000009efc000 	/usr/lib/system/libdispatch.dylib
0x0000000009efc000 	/usr/lib/system/libdyld.dylib
0x0000000009efc000 	/usr/lib/system/libkeymgr.dylib
0x0000000009efc000 	/usr/lib/system/liblaunch.dylib
0x0000000009efc000 	/usr/lib/system/libmacho.dylib
0x0000000009efc000 	/usr/lib/system/libquarantine.dylib
0x0000000009efc000 	/usr/lib/system/libremovefile.dylib
0x0000000009efc000 	/usr/lib/system/libsystem_asl.dylib
0x0000000009efc000 	/usr/lib/system/libsystem_blocks.dylib
0x0000000009efc000 	/usr/lib/system/libsystem_c.dylib
0x0000000009efc000 	/usr/lib/system/libsystem_configuration.dylib
0x0000000009efc000 	/usr/lib/system/libsystem_coreservices.dylib
0x0000000009efc000 	/usr/lib/system/libsystem_coretls.dylib
0x0000000009efc000 	/usr/lib/system/libsystem_dnssd.dylib
0x0000000009efc000 	/usr/lib/system/libsystem_info.dylib
0x0000000009efc000 	/usr/lib/system/libsystem_kernel.dylib
0x0000000009efc000 	/usr/lib/system/libsystem_m.dylib
0x0000000009efc000 	/usr/lib/system/libsystem_malloc.dylib
0x0000000009efc000 	/usr/lib/system/libsystem_network.dylib
0x0000000009efc000 	/usr/lib/system/libsystem_networkextension.dylib
0x0000000009efc000 	/usr/lib/system/libsystem_notify.dylib
0x0000000009efc000 	/usr/lib/system/libsystem_platform.dylib
0x0000000009efc000 	/usr/lib/system/libsystem_pthread.dylib
0x0000000009efc000 	/usr/lib/system/libsystem_sandbox.dylib
0x0000000009efc000 	/usr/lib/system/libsystem_secinit.dylib
0x0000000009efc000 	/usr/lib/system/libsystem_stats.dylib
0x0000000009efc000 	/usr/lib/system/libsystem_trace.dylib
0x0000000009efc000 	/usr/lib/system/libunc.dylib
0x0000000009efc000 	/usr/lib/system/libunwind.dylib
0x0000000009efc000 	/usr/lib/system/libxpc.dylib
0x0000000009efc000 	/usr/lib/libbz2.1.0.dylib
0x0000000009efc000 	/usr/lib/liblzma.5.dylib
0x0000000009efc000 	/usr/lib/libbsm.0.dylib
0x0000000009efc000 	/usr/lib/libsqlite3.dylib
0x0000000009efc000 	/usr/lib/system/libkxld.dylib
0x0000000009efc000 	/usr/lib/libxar.1.dylib
0x0000000009efc000 	/usr/lib/libpam.2.dylib
0x0000000009efc000 	/usr/lib/libOpenScriptingUtil.dylib
0x0000000009efc000 	/System/Library/Frameworks/CoreServices.framework/Versions/A/Frameworks/FSEvents.framework/Versions/A/FSEvents
0x0000000009efc000 	/System/Library/Frameworks/CoreServices.framework/Versions/A/Frameworks/CarbonCore.framework/Versions/A/CarbonCore
0x0000000009efc000 	/System/Library/Frameworks/CoreServices.framework/Versions/A/Frameworks/Metadata.framework/Versions/A/Metadata
0x0000000009efc000 	/System/Library/Frameworks/CoreServices.framework/Versions/A/Frameworks/OSServices.framework/Versions/A/OSServices
0x0000000009efc000 	/System/Library/Frameworks/CoreServices.framework/Versions/A/Frameworks/SearchKit.framework/Versions/A/SearchKit
0x0000000009efc000 	/System/Library/Frameworks/CoreServices.framework/Versions/A/Frameworks/AE.framework/Versions/A/AE
0x0000000009efc000 	/System/Library/Frameworks/CoreServices.framework/Versions/A/Frameworks/LaunchServices.framework/Versions/A/LaunchServices
0x0000000009efc000 	/System/Library/Frameworks/CoreServices.framework/Versions/A/Frameworks/DictionaryServices.framework/Versions/A/DictionaryServices
0x0000000009efc000 	/System/Library/Frameworks/NetFS.framework/Versions/A/NetFS
0x0000000009efc000 	/System/Library/PrivateFrameworks/NetAuth.framework/Versions/A/NetAuth
0x0000000009efc000 	/System/Library/PrivateFrameworks/login.framework/Versions/A/Frameworks/loginsupport.framework/Versions/A/loginsupport
0x0000000009efc000 	/System/Library/PrivateFrameworks/TCC.framework/Versions/A/TCC
0x0000000009efc000 	/usr/lib/libmecabra.dylib
0x0000000009efc000 	/System/Library/Frameworks/ApplicationServices.framework/Versions/A/Frameworks/ATS.framework/Versions/A/ATS
0x0000000009efc000 	/System/Library/Frameworks/ApplicationServices.framework/Versions/A/Frameworks/ColorSync.framework/Versions/A/ColorSync
0x0000000009efc000 	/System/Library/Frameworks/ApplicationServices.framework/Versions/A/Frameworks/HIServices.framework/Versions/A/HIServices
0x0000000009efc000 	/System/Library/Frameworks/ApplicationServices.framework/Versions/A/Frameworks/LangAnalysis.framework/Versions/A/LangAnalysis
0x0000000009efc000 	/System/Library/Frameworks/ApplicationServices.framework/Versions/A/Frameworks/PrintCore.framework/Versions/A/PrintCore
0x0000000009efc000 	/System/Library/Frameworks/ApplicationServices.framework/Versions/A/Frameworks/QD.framework/Versions/A/QD
0x0000000009efc000 	/System/Library/Frameworks/ApplicationServices.framework/Versions/A/Frameworks/SpeechSynthesis.framework/Versions/A/SpeechSynthesis
0x0000000009efc000 	/System/Library/Frameworks/Accelerate.framework/Versions/A/Accelerate
0x0000000009efc000 	/System/Library/Frameworks/Accelerate.framework/Versions/A/Frameworks/vImage.framework/Versions/A/vImage
0x0000000009efc000 	/System/Library/Frameworks/Accelerate.framework/Versions/A/Frameworks/vecLib.framework/Versions/A/vecLib
0x0000000009efc000 	/System/Library/Frameworks/Accelerate.framework/Versions/A/Frameworks/vecLib.framework/Versions/A/libvDSP.dylib
0x0000000009efc000 	/System/Library/Frameworks/Accelerate.framework/Versions/A/Frameworks/vecLib.framework/Versions/A/libvMisc.dylib
0x0000000009efc000 	/System/Library/Frameworks/Accelerate.framework/Versions/A/Frameworks/vecLib.framework/Versions/A/libLAPACK.dylib
0x0000000009efc000 	/System/Library/Frameworks/Accelerate.framework/Versions/A/Frameworks/vecLib.framework/Versions/A/libBLAS.dylib
0x0000000009efc000 	/System/Library/Frameworks/Accelerate.framework/Versions/A/Frameworks/vecLib.framework/Versions/A/libLinearAlgebra.dylib
0x0000000009efc000 	/System/Library/Frameworks/ApplicationServices.framework/Versions/A/Frameworks/ATS.framework/Versions/A/Resources/libFontParser.dylib
0x0000000009efc000 	/System/Library/Frameworks/ApplicationServices.framework/Versions/A/Frameworks/ATS.framework/Versions/A/Resources/libFontRegistry.dylib
0x0000000009efc000 	/System/Library/PrivateFrameworks/AppleVPA.framework/Versions/A/AppleVPA
0x0000000009efc000 	/System/Library/PrivateFrameworks/AppleJPEG.framework/Versions/A/AppleJPEG
0x0000000009efc000 	/System/Library/Frameworks/ImageIO.framework/Versions/A/Resources/libJPEG.dylib
0x0000000009efc000 	/System/Library/Frameworks/ImageIO.framework/Versions/A/Resources/libTIFF.dylib
0x0000000009efc000 	/System/Library/Frameworks/ImageIO.framework/Versions/A/Resources/libPng.dylib
0x0000000009efc000 	/System/Library/Frameworks/ImageIO.framework/Versions/A/Resources/libGIF.dylib
0x0000000009efc000 	/System/Library/Frameworks/ImageIO.framework/Versions/A/Resources/libJP2.dylib
0x0000000009efc000 	/System/Library/Frameworks/ImageIO.framework/Versions/A/Resources/libRadiance.dylib
0x0000000009efc000 	/System/Library/Frameworks/CoreVideo.framework/Versions/A/CoreVideo
0x0000000009efc000 	/System/Library/Frameworks/OpenGL.framework/Versions/A/Libraries/libGLU.dylib
0x0000000009efc000 	/System/Library/Frameworks/OpenGL.framework/Versions/A/Libraries/libGFXShared.dylib
0x0000000009efc000 	/System/Library/Frameworks/OpenGL.framework/Versions/A/Libraries/libGL.dylib
0x0000000009efc000 	/System/Library/Frameworks/OpenGL.framework/Versions/A/Libraries/libGLImage.dylib
0x0000000009efc000 	/System/Library/Frameworks/OpenGL.framework/Versions/A/Libraries/libCVMSPluginSupport.dylib
0x0000000009efc000 	/System/Library/Frameworks/OpenGL.framework/Versions/A/Libraries/libCoreVMClient.dylib
0x0000000009efc000 	/usr/lib/libcups.2.dylib
0x0000000009efc000 	/System/Library/Frameworks/Kerberos.framework/Versions/A/Kerberos
0x0000000009efc000 	/System/Library/Frameworks/GSS.framework/Versions/A/GSS
0x0000000009efc000 	/usr/lib/libresolv.9.dylib
0x0000000009efc000 	/usr/lib/libiconv.2.dylib
0x0000000009efc000 	/System/Library/PrivateFrameworks/Heimdal.framework/Versions/A/Heimdal
0x0000000009efc000 	/usr/lib/libheimdal-asn1.dylib
0x0000000009efc000 	/System/Library/Frameworks/OpenDirectory.framework/Versions/A/OpenDirectory
0x0000000009efc000 	/System/Library/PrivateFrameworks/CommonAuth.framework/Versions/A/CommonAuth
0x0000000009efc000 	/System/Library/Frameworks/OpenDirectory.framework/Versions/A/Frameworks/CFOpenDirectory.framework/Versions/A/CFOpenDirectory
0x0000000009efc000 	/System/Library/Frameworks/SecurityFoundation.framework/Versions/A/SecurityFoundation
0x0000000009efc000 	/System/Library/PrivateFrameworks/LanguageModeling.framework/Versions/A/LanguageModeling
0x0000000009efc000 	/usr/lib/libcmph.dylib
0x0000000009efc000 	/System/Library/Frameworks/ServiceManagement.framework/Versions/A/ServiceManagement
0x0000000009efc000 	/usr/lib/libxslt.1.dylib
0x0000000009efc000 	/System/Library/Frameworks/Carbon.framework/Versions/A/Frameworks/Ink.framework/Versions/A/Ink
0x0000000009efc000 	/System/Library/Frameworks/QuartzCore.framework/Versions/A/Frameworks/CoreImage.framework/Versions/A/CoreImage
0x0000000009efc000 	/System/Library/PrivateFrameworks/CrashReporterSupport.framework/Versions/A/CrashReporterSupport
0x0000000009efc000 	/System/Library/Frameworks/OpenCL.framework/Versions/A/OpenCL
0x0000000009efc000 	/System/Library/PrivateFrameworks/FaceCore.framework/Versions/A/FaceCore
0x0000000009efc000 	/System/Library/PrivateFrameworks/Ubiquity.framework/Versions/A/Ubiquity
0x0000000009efc000 	/System/Library/PrivateFrameworks/IconServices.framework/Versions/A/IconServices
0x0000000009efc000 	/System/Library/PrivateFrameworks/ChunkingLibrary.framework/Versions/A/ChunkingLibrary
0x0000000009efc000 	/System/Library/PrivateFrameworks/Apple80211.framework/Versions/A/Apple80211
0x0000000009efc000 	/System/Library/Frameworks/CoreWLAN.framework/Versions/A/CoreWLAN
0x0000000009efc000 	/System/Library/Frameworks/IOBluetooth.framework/Versions/A/IOBluetooth
0x0000000009efc000 	/System/Library/PrivateFrameworks/CoreWiFi.framework/Versions/A/CoreWiFi
0x0000000009efc000 	/System/Library/Frameworks/CoreBluetooth.framework/Versions/A/CoreBluetooth
0x0000000009efc000 	/System/Library/PrivateFrameworks/DebugSymbols.framework/Versions/A/DebugSymbols
0x0000000009efc000 	/System/Library/PrivateFrameworks/CoreSymbolication.framework/Versions/A/CoreSymbolication
0x0000000009efc000 	/System/Library/PrivateFrameworks/Symbolication.framework/Versions/A/Symbolication
0x0000000009efc000 	/System/Library/PrivateFrameworks/SpeechRecognitionCore.framework/Versions/A/SpeechRecognitionCore
0x000000010fe00000 	/Library/Java/JavaVirtualMachines/jdk1.8.0_31.jdk/Contents/Home/jre/lib/server/libjvm.dylib
0x0000000009efc000 	/usr/lib/libstdc++.6.dylib
0x000000010f513000 	/Library/Java/JavaVirtualMachines/jdk1.8.0_31.jdk/Contents/Home/jre/lib/libverify.dylib
0x000000010f521000 	/Library/Java/JavaVirtualMachines/jdk1.8.0_31.jdk/Contents/Home/jre/lib/libjava.dylib
0x000000010f55f000 	/Library/Java/JavaVirtualMachines/jdk1.8.0_31.jdk/Contents/Home/jre/lib/libzip.dylib
0x0000000126e07000 	/System/Library/Frameworks/JavaVM.framework/Frameworks/JavaRuntimeSupport.framework/JavaRuntimeSupport
0x0000000126e1f000 	/System/Library/Frameworks/JavaVM.framework/Versions/A/Frameworks/JavaNativeFoundation.framework/Versions/A/JavaNativeFoundation
0x0000000126e34000 	/System/Library/Frameworks/JavaVM.framework/Versions/A/JavaVM
0x0000000009efc000 	/System/Library/Frameworks/Carbon.framework/Versions/A/Carbon
0x0000000126e41000 	/System/Library/PrivateFrameworks/JavaLaunching.framework/Versions/A/JavaLaunching
0x0000000009efc000 	/System/Library/Frameworks/Carbon.framework/Versions/A/Frameworks/CommonPanels.framework/Versions/A/CommonPanels
0x0000000009efc000 	/System/Library/Frameworks/Carbon.framework/Versions/A/Frameworks/Help.framework/Versions/A/Help
0x0000000009efc000 	/System/Library/Frameworks/Carbon.framework/Versions/A/Frameworks/ImageCapture.framework/Versions/A/ImageCapture
0x0000000009efc000 	/System/Library/Frameworks/Carbon.framework/Versions/A/Frameworks/OpenScripting.framework/Versions/A/OpenScripting
0x0000000009efc000 	/System/Library/Frameworks/Carbon.framework/Versions/A/Frameworks/Print.framework/Versions/A/Print
0x0000000009efc000 	/System/Library/Frameworks/Carbon.framework/Versions/A/Frameworks/SecurityHI.framework/Versions/A/SecurityHI
0x0000000128e87000 	/Volumes/IntelliJ IDEA 14 CE/IntelliJ IDEA 14 CE.app/Contents/bin/libbreakgen64.jnilib
0x0000000128f8d000 	/Library/Java/JavaVirtualMachines/jdk1.8.0_31.jdk/Contents/Home/jre/lib/libnet.dylib
0x000000012927e000 	/Library/Java/JavaVirtualMachines/jdk1.8.0_31.jdk/Contents/Home/jre/lib/libprism_es2.dylib
0x0000000009efc000 	/System/Library/Frameworks/OpenGL.framework/Versions/A/Resources/GLEngine.bundle/GLEngine
0x0000000009efc000 	/System/Library/Frameworks/OpenGL.framework/Versions/A/Libraries/libGLProgrammability.dylib
0x0000000000000000 	/System/Library/Extensions/AppleIntelHD4000GraphicsGLDriver.bundle/Contents/MacOS/AppleIntelHD4000GraphicsGLDriver
0x0000000009efc000 	/System/Library/PrivateFrameworks/IOAccelerator.framework/Versions/A/IOAccelerator
0x0000000009efc000 	/System/Library/PrivateFrameworks/GPUSupport.framework/Versions/A/Libraries/libGPUSupportMercury.dylib
0x0000000009efc000 	/System/Library/Frameworks/OpenGL.framework/Versions/A/Resources/GLRendererFloat.bundle/GLRendererFloat
0x0000000009efc000 	/System/Library/Frameworks/OpenCL.framework/Versions/A/Libraries/libcldcpuengine.dylib
0x0000000009efc000 	/System/Library/PrivateFrameworks/DiskImages.framework/Versions/A/DiskImages
0x0000000009efc000 	/System/Library/Frameworks/DiscRecording.framework/Versions/A/DiscRecording
0x0000000009efc000 	/usr/lib/libcsfde.dylib
0x0000000009efc000 	/usr/lib/libcurl.4.dylib
0x0000000009efc000 	/System/Library/PrivateFrameworks/MediaKit.framework/Versions/A/MediaKit
0x0000000009efc000 	/System/Library/PrivateFrameworks/ProtectedCloudStorage.framework/Versions/A/ProtectedCloudStorage
0x0000000009efc000 	/usr/lib/libCoreStorage.dylib
0x0000000009efc000 	/System/Library/PrivateFrameworks/EFILogin.framework/Versions/A/EFILogin
0x0000000009efc000 	/usr/lib/libutil.dylib
0x0000000009efc000 	/System/Library/PrivateFrameworks/FindMyDevice.framework/Versions/A/FindMyDevice
0x0000000009efc000 	/System/Library/Frameworks/LDAP.framework/Versions/A/LDAP
0x0000000009efc000 	/usr/lib/libsasl2.2.dylib
0x0000000009efc000 	/System/Library/PrivateFrameworks/CoreDaemon.framework/Versions/B/CoreDaemon
0x0000000009efc000 	/usr/lib/libcrypto.0.9.8.dylib
0x0000000009efc000 	/System/Library/PrivateFrameworks/AppleSRP.framework/Versions/A/AppleSRP
0x0000000009efc000 	/System/Library/PrivateFrameworks/TrustEvaluationAgent.framework/Versions/A/TrustEvaluationAgent
0x000000012972e000 	/Library/Java/JavaVirtualMachines/jdk1.8.0_31.jdk/Contents/Home/jre/lib/libglass.dylib
0x0000000009efc000 	/System/Library/PrivateFrameworks/CoreServicesInternal.framework/Versions/A/CoreServicesInternal
0x0000000009efc000 	/System/Library/PrivateFrameworks/CloudDocs.framework/Versions/A/CloudDocs
0x0000000009efc000 	/System/Library/PrivateFrameworks/CoreDuet.framework/Versions/A/CoreDuet
0x0000000009efc000 	/System/Library/Frameworks/CloudKit.framework/Versions/A/CloudKit
0x0000000009efc000 	/System/Library/PrivateFrameworks/ProtocolBuffer.framework/Versions/A/ProtocolBuffer
0x0000000009efc000 	/System/Library/PrivateFrameworks/CoreDuetDaemonProtocol.framework/Versions/A/CoreDuetDaemonProtocol
0x0000000009efc000 	/System/Library/PrivateFrameworks/CoreDuetDebugLogging.framework/Versions/A/CoreDuetDebugLogging
0x0000000009efc000 	/System/Library/PrivateFrameworks/MMCS.framework/Versions/A/MMCS
0x0000000009efc000 	/System/Library/Frameworks/CoreLocation.framework/Versions/A/CoreLocation
0x0000000009efc000 	/System/Library/PrivateFrameworks/GeoServices.framework/Versions/A/GeoServices
0x0000000009efc000 	/System/Library/Frameworks/CoreGraphics.framework/Versions/A/Resources/libCGCMS.A.dylib
0x0000000009efc000 	/System/Library/CoreServices/RawCamera.bundle/Contents/MacOS/RawCamera
0x0000000009efc000 	/System/Library/Frameworks/CoreGraphics.framework/Versions/A/Resources/libRIP.A.dylib
0x0000000009efc000 	/System/Library/PrivateFrameworks/FamilyControls.framework/Versions/A/FamilyControls
0x0000000009efc000 	/System/Library/PrivateFrameworks/CommerceKit.framework/Versions/A/Frameworks/CommerceCore.framework/Versions/A/CommerceCore
0x0000000009efc000 	/System/Library/PrivateFrameworks/SystemAdministration.framework/Versions/A/SystemAdministration
0x0000000009efc000 	/System/Library/PrivateFrameworks/AppContainer.framework/Versions/A/AppContainer
0x0000000009efc000 	/System/Library/PrivateFrameworks/SecCodeWrapper.framework/Versions/A/SecCodeWrapper
0x0000000009efc000 	/System/Library/Frameworks/DirectoryService.framework/Versions/A/DirectoryService
0x0000000009efc000 	/System/Library/PrivateFrameworks/LoginUIKit.framework/Versions/A/Frameworks/LoginUICore.framework/Versions/A/LoginUICore
0x0000000009efc000 	/usr/lib/libodfde.dylib

VM Arguments:
jvm_args: -Didea.launcher.port=7536 -Didea.launcher.bin.path=/Volumes/IntelliJ IDEA 14 CE/IntelliJ IDEA 14 CE.app/Contents/bin -Dfile.encoding=UTF-8 
java_command: com.intellij.rt.execution.application.AppMain main.Main
java_class_path (initial): /Library/Java/JavaVirtualMachines/jdk1.8.0_31.jdk/Contents/Home/lib/ant-javafx.jar:/Library/Java/JavaVirtualMachines/jdk1.8.0_31.jdk/Contents/Home/lib/dt.jar:/Library/Java/JavaVirtualMachines/jdk1.8.0_31.jdk/Contents/Home/lib/javafx-mx.jar:/Library/Java/JavaVirtualMachines/jdk1.8.0_31.jdk/Contents/Home/lib/jconsole.jar:/Library/Java/JavaVirtualMachines/jdk1.8.0_31.jdk/Contents/Home/lib/sa-jdi.jar:/Library/Java/JavaVirtualMachines/jdk1.8.0_31.jdk/Contents/Home/lib/tools.jar:/Library/Java/JavaVirtualMachines/jdk1.8.0_31.jdk/Contents/Home/jre/lib/charsets.jar:/Library/Java/JavaVirtualMachines/jdk1.8.0_31.jdk/Contents/Home/jre/lib/deploy.jar:/Library/Java/JavaVirtualMachines/jdk1.8.0_31.jdk/Contents/Home/jre/lib/javaws.jar:/Library/Java/JavaVirtualMachines/jdk1.8.0_31.jdk/Contents/Home/jre/lib/jce.jar:/Library/Java/JavaVirtualMachines/jdk1.8.0_31.jdk/Contents/Home/jre/lib/jfr.jar:/Library/Java/JavaVirtualMachines/jdk1.8.0_31.jdk/Contents/Home/jre/lib/jfxswt.jar:/Library/Java/JavaVirtualMachines/jdk1.8.0_31.jdk/Contents/Home/jre/lib/jsse.jar:/Library/Java/JavaVirtualMachines/jdk1.8.0_31.jdk/Contents/Home/jre/lib/management-agent.jar:/Library/Java/JavaVirtualMachines/jdk1.8.0_31.jdk/Contents/Home/jre/lib/plugin.jar:/Library/Java/JavaVirtualMachines/jdk1.8.0_31.jdk/Contents/Home/jre/lib/resources.jar:/Library/Java/JavaVirtualMachines/jdk1.8.0_31.jdk/Contents/Home/jre/lib/rt.jar:/Library/Java/JavaVirtualMachines/jdk1.8.0_31.jdk/Contents/Home/jre/lib/ext/cldrdata.jar:/Library/Java/JavaVirtualMachines/jdk1.8.0_31.jdk/Contents/Home/jre/lib/ext/dnsns.jar:/Library/Java/JavaVirtualMachines/jdk1.8.0_31.jdk/Contents/Home/jre/lib/ext/jfxrt.jar:/Library/Java/JavaVirtualMachines/jdk1.8.0_31.jdk/Contents/Home/jre/lib/ext/localedata.jar:/Library/Java/JavaVirtualMachines/jdk1.8.0_31.jdk/Contents/Home/jre/lib/ext/nashorn.jar:/Library/Java/JavaVirtualMachines/jdk1.8.0_31.jdk/Contents/Home/jre/lib/ext/sunec.jar:/Library/Java/JavaVirtualMachines/jdk1.8.0_31.jdk/C
Launcher Type: SUN_STANDARD

Environment Variables:
JAVA_HOME=/Library/Java/JavaVirtualMachines/jdk1.8.0_31.jdk/Contents/Home
PATH=/usr/local/bin:/usr/bin:/bin:/usr/sbin:/sbin:/opt/X11/bin:/Users/joe/Dev/android-sdk-macosx/platform-tools/:/Users/joe/Dev/android-sdk-macosx/tools
SHELL=/bin/bash
DISPLAY=/private/tmp/com.apple.launchd.W9kKQHpwON/org.macosforge.xquartz:0

Signal Handlers:
SIGSEGV: [libjvm.dylib+0x57a0e7], sa_mask[0]=11111111011111110111111111111111, sa_flags=SA_ONSTACK|SA_RESTART|SA_SIGINFO
SIGBUS: [libjvm.dylib+0x57a0e7], sa_mask[0]=11111111011111110111111111111111, sa_flags=SA_RESTART|SA_SIGINFO
SIGFPE: [libjvm.dylib+0x45af24], sa_mask[0]=11111111011111110111111111111111, sa_flags=SA_RESTART|SA_SIGINFO
SIGPIPE: [libjvm.dylib+0x45af24], sa_mask[0]=11111111011111110111111111111111, sa_flags=SA_RESTART|SA_SIGINFO
SIGXFSZ: [libjvm.dylib+0x45af24], sa_mask[0]=11111111011111110111111111111111, sa_flags=SA_RESTART|SA_SIGINFO
SIGILL: [libjvm.dylib+0x45af24], sa_mask[0]=11111111011111110111111111111111, sa_flags=SA_RESTART|SA_SIGINFO
SIGUSR1: SIG_DFL, sa_mask[0]=00000000000000000000000000000000, sa_flags=none
SIGUSR2: [libjvm.dylib+0x45aa42], sa_mask[0]=00100000000000000000000000000000, sa_flags=SA_RESTART|SA_SIGINFO
SIGHUP: [libjvm.dylib+0x459015], sa_mask[0]=11111111011111110111111111111111, sa_flags=SA_RESTART|SA_SIGINFO
SIGINT: [libjvm.dylib+0x459015], sa_mask[0]=11111111011111110111111111111111, sa_flags=SA_RESTART|SA_SIGINFO
SIGTERM: [libjvm.dylib+0x459015], sa_mask[0]=11111111011111110111111111111111, sa_flags=SA_RESTART|SA_SIGINFO
SIGQUIT: [libjvm.dylib+0x459015], sa_mask[0]=11111111011111110111111111111111, sa_flags=SA_RESTART|SA_SIGINFO


---------------  S Y S T E M  ---------------

OS:Bsduname:Darwin 14.3.0 Darwin Kernel Version 14.3.0: Mon Mar 23 11:59:05 PDT 2015; root:xnu-2782.20.48~5/RELEASE_X86_64 x86_64
rlimit: STACK 8192k, CORE 0k, NPROC 709, NOFILE 10240, AS infinity
load average:2.81 2.07 2.11

CPU:total 4 (2 cores per cpu, 2 threads per core) family 6 model 58 stepping 9, cmov, cx8, fxsr, mmx, sse, sse2, sse3, ssse3, sse4.1, sse4.2, popcnt, avx, aes, clmul, erms, ht, tsc, tscinvbit, tscinv

Memory: 4k page, physical 8388608k(105064k free)

/proc/meminfo:


vm_info: Java HotSpot(TM) 64-Bit Server VM (25.31-b07) for bsd-amd64 JRE (1.8.0_31-b13), built on Dec 17 2014 20:45:36 by "java_re" with gcc 4.2.1 (Based on Apple Inc. build 5658) (LLVM build 2336.11.00)

time: Tue Apr 28 12:42:21 2015
elapsed time: 1 seconds (0d 0h 0m 1s)

