Jun 21, 2016 9:20:25 AM utility.ApiHandler makeSimplePostCall
INFO: HTTP/1.1 200 OK
Jun 21, 2016 9:20:25 AM utility.ApiHandler makeSimplePostCall
INFO: {"error_code":0,"error_msg":"OK"}

Jun 21, 2016 9:21:28 AM utility.CsvHandler readCSV
INFO: headers Size: 23|| tokens Size: 23
Jun 21, 2016 9:21:28 AM utility.CsvHandler readCSV
INFO: headers Size: 23|| tokens Size: 23
Jun 21, 2016 9:21:28 AM utility.CsvHandler readCSV
INFO: headers Size: 23|| tokens Size: 23
Jun 21, 2016 9:21:28 AM utility.CsvHandler readCSV
INFO: headers Size: 23|| tokens Size: 23
Jun 21, 2016 9:21:28 AM utility.ApiHandler makePostCall
INFO: SIZE: 4
Jun 21, 2016 9:21:30 AM utility.ApiHandler makePostCall
INFO: HTTP/1.1 200 OK
Jun 21, 2016 9:21:30 AM utility.ApiHandler makePostCall
INFO: {"error_code":0,"usage_rec_no":6969131,"error_msg":"OK"}

Jun 21, 2016 9:21:31 AM utility.ApiHandler makePostCall
INFO: HTTP/1.1 200 OK
Jun 21, 2016 9:21:31 AM utility.ApiHandler makePostCall
INFO: {"error_code":0,"usage_rec_no":6969132,"error_msg":"OK"}

Jun 21, 2016 9:21:32 AM utility.ApiHandler makePostCall
INFO: HTTP/1.1 200 OK
Jun 21, 2016 9:21:32 AM utility.ApiHandler makePostCall
INFO: {"error_code":0,"usage_rec_no":6969133,"error_msg":"OK"}

Jun 21, 2016 9:21:33 AM utility.ApiHandler makePostCall
INFO: HTTP/1.1 200 OK
Jun 21, 2016 9:21:33 AM utility.ApiHandler makePostCall
INFO: {"error_code":0,"usage_rec_no":6969134,"error_msg":"OK"}

Jun 21, 2016 9:28:18 AM utility.CsvHandler readCSV
INFO: headers Size: 23|| tokens Size: 23
Jun 21, 2016 9:28:18 AM utility.ApiHandler makePostCall
INFO: SIZE: 1
Jun 21, 2016 9:28:19 AM utility.ApiHandler makePostCall
INFO: HTTP/1.1 200 OK
Jun 21, 2016 9:28:19 AM utility.ApiHandler makePostCall
INFO: {"error_code":0,"usage_rec_no":6969142,"error_msg":"OK"}

Jun 21, 2016 10:30:48 AM utility.CsvHandler readCSV
INFO: headers Size: 23|| tokens Size: 23
Jun 21, 2016 10:30:48 AM utility.ApiHandler makePostCall
INFO: SIZE: 1
Jun 21, 2016 10:30:50 AM utility.ApiHandler makePostCall
INFO: HTTP/1.1 200 OK
Jun 21, 2016 10:30:50 AM utility.ApiHandler makePostCall
INFO: {"error_code":0,"usage_rec_no":6969214,"error_msg":"OK"}

Jun 21, 2016 10:38:13 AM utility.ApiHandler makeSimplePostCall
INFO: HTTP/1.1 200 OK
Jun 21, 2016 10:38:13 AM utility.ApiHandler makeSimplePostCall
INFO: {"error_code":0,"error_msg":"OK"}

Jun 21, 2016 10:52:20 AM utility.ApiHandler makeSimplePostCall
INFO: HTTP/1.1 200 OK
Jun 21, 2016 10:52:20 AM utility.ApiHandler makeSimplePostCall
INFO: {"error_code":0,"error_msg":"OK"}

Jun 21, 2016 11:16:43 AM utility.CsvHandler readCSV
INFO: headers Size: 23|| tokens Size: 23
Jun 21, 2016 11:16:43 AM utility.ApiHandler makePostCall
INFO: SIZE: 1
Jun 21, 2016 11:16:46 AM utility.ApiHandler makePostCall
INFO: HTTP/1.1 200 OK
Jun 21, 2016 11:16:46 AM utility.ApiHandler makePostCall
INFO: {"error_code":14054,"usage_rec_no":null,"error_msg":"Invalid client master plan instance identifier"}

Jun 21, 2016 11:32:38 AM utility.ApiHandler makeSimplePostCall
INFO: HTTP/1.1 200 OK
Jun 21, 2016 11:32:38 AM utility.ApiHandler makeSimplePostCall
INFO: {"error_code":0,"error_msg":"OK"}

Jun 21, 2016 11:32:39 AM utility.ApiHandler makeSimplePostCall
INFO: HTTP/1.1 200 OK
Jun 21, 2016 11:32:39 AM utility.ApiHandler makeSimplePostCall
INFO: {"error_code":0,"error_msg":"OK"}

Jun 21, 2016 11:33:44 AM utility.CsvHandler readCSV
INFO: headers Size: 23|| tokens Size: 23
Jun 21, 2016 11:33:44 AM utility.ApiHandler makePostCall
INFO: SIZE: 1
Jun 21, 2016 11:33:46 AM utility.ApiHandler makePostCall
INFO: HTTP/1.1 200 OK
Jun 21, 2016 11:33:46 AM utility.ApiHandler makePostCall
INFO: {"error_code":0,"usage_rec_no":6969246,"error_msg":"OK"}

Jun 21, 2016 11:51:56 AM utility.CsvHandler readCSV
INFO: headers Size: 23|| tokens Size: 23
Jun 21, 2016 11:51:56 AM utility.ApiHandler makePostCall
INFO: SIZE: 1
Jun 21, 2016 11:51:59 AM utility.ApiHandler makePostCall
INFO: HTTP/1.1 200 OK
Jun 21, 2016 11:51:59 AM utility.ApiHandler makePostCall
INFO: {"error_code":0,"usage_rec_no":6969363,"error_msg":"OK"}

Jun 27, 2016 9:47:59 AM utility.ApiHandler makeSimplePostCall
INFO: HTTP/1.1 200 OK
Jun 27, 2016 9:47:59 AM utility.ApiHandler makeSimplePostCall
INFO: {"error_code":0,"error_msg":"OK"}

Jun 27, 2016 10:46:48 AM utility.CsvHandler readCSV
INFO: headers Size: 23|| tokens Size: 23
Jun 27, 2016 10:46:48 AM utility.ApiHandler makePostCall
INFO: SIZE: 1
Jun 27, 2016 10:46:50 AM utility.ApiHandler makePostCall
INFO: HTTP/1.1 200 OK
Jun 27, 2016 10:46:50 AM utility.ApiHandler makePostCall
INFO: {"error_code":0,"usage_rec_no":6986050,"error_msg":"OK"}

Jun 27, 2016 10:54:18 AM utility.CsvHandler readCSV
INFO: headers Size: 23|| tokens Size: 23
Jun 27, 2016 10:54:18 AM utility.ApiHandler makePostCall
INFO: SIZE: 1
Jun 27, 2016 10:54:20 AM utility.ApiHandler makePostCall
INFO: HTTP/1.1 200 OK
Jun 27, 2016 10:54:20 AM utility.ApiHandler makePostCall
INFO: {"error_code":0,"usage_rec_no":6986055,"error_msg":"OK"}

Jun 27, 2016 12:02:31 PM utility.ApiHandler makeSimplePostCall
INFO: HTTP/1.1 200 OK
Jun 27, 2016 12:02:31 PM utility.ApiHandler makeSimplePostCall
INFO: {"error_code":0,"error_msg":"OK"}

Jun 27, 2016 12:11:32 PM utility.CsvHandler readCSV
INFO: headers Size: 23|| tokens Size: 23
Jun 27, 2016 12:11:32 PM utility.ApiHandler makePostCall
INFO: SIZE: 1
Jun 27, 2016 12:11:34 PM utility.ApiHandler makePostCall
INFO: HTTP/1.1 200 OK
Jun 27, 2016 12:11:34 PM utility.ApiHandler makePostCall
INFO: {"error_code":0,"usage_rec_no":6986098,"error_msg":"OK"}

Jun 27, 2016 12:18:54 PM utility.CsvHandler readCSV
INFO: headers Size: 23|| tokens Size: 23
Jun 27, 2016 12:18:54 PM utility.ApiHandler makePostCall
INFO: SIZE: 1
Jun 27, 2016 12:18:56 PM utility.ApiHandler makePostCall
INFO: HTTP/1.1 200 OK
Jun 27, 2016 12:18:56 PM utility.ApiHandler makePostCall
INFO: {"error_code":0,"usage_rec_no":6986102,"error_msg":"OK"}

Jun 27, 2016 12:25:28 PM utility.ApiHandler makeSimplePostCall
INFO: HTTP/1.1 200 OK
Jun 27, 2016 12:25:28 PM utility.ApiHandler makeSimplePostCall
INFO: {"error_code":0,"error_msg":"OK"}

Jun 27, 2016 12:31:38 PM utility.CsvHandler readCSV
INFO: headers Size: 23|| tokens Size: 23
Jun 27, 2016 12:31:38 PM utility.ApiHandler makePostCall
INFO: SIZE: 1
Jun 27, 2016 12:31:40 PM utility.ApiHandler makePostCall
INFO: HTTP/1.1 200 OK
Jun 27, 2016 12:31:40 PM utility.ApiHandler makePostCall
INFO: {"error_code":0,"usage_rec_no":6986108,"error_msg":"OK"}

Jun 27, 2016 1:09:35 PM utility.ApiHandler makeSimplePostCall
INFO: HTTP/1.1 200 OK
Jun 27, 2016 1:09:35 PM utility.ApiHandler makeSimplePostCall
INFO: {"error_code":0,"error_msg":"OK"}

Jun 27, 2016 1:09:37 PM utility.ApiHandler makeSimplePostCall
INFO: HTTP/1.1 200 OK
Jun 27, 2016 1:09:37 PM utility.ApiHandler makeSimplePostCall
INFO: {"error_code":0,"error_msg":"OK"}

Jun 27, 2016 1:09:38 PM utility.ApiHandler makeSimplePostCall
INFO: HTTP/1.1 200 OK
Jun 27, 2016 1:09:38 PM utility.ApiHandler makeSimplePostCall
INFO: {"error_code":0,"error_msg":"OK"}

Jun 27, 2016 1:11:06 PM utility.CsvHandler readCSV
INFO: headers Size: 23|| tokens Size: 23
Jun 27, 2016 1:11:06 PM utility.ApiHandler makePostCall
INFO: SIZE: 1
Jun 27, 2016 1:11:07 PM utility.ApiHandler makePostCall
INFO: HTTP/1.1 200 OK
Jun 27, 2016 1:11:07 PM utility.ApiHandler makePostCall
INFO: {"error_code":0,"usage_rec_no":6986125,"error_msg":"OK"}

Jun 27, 2016 2:12:45 PM utility.CsvHandler readCSV
INFO: headers Size: 23|| tokens Size: 23
Jun 27, 2016 2:12:45 PM utility.ApiHandler makePostCall
INFO: SIZE: 1
Jun 27, 2016 2:12:48 PM utility.ApiHandler makePostCall
INFO: HTTP/1.1 200 OK
Jun 27, 2016 2:12:48 PM utility.ApiHandler makePostCall
INFO: {"error_code":0,"usage_rec_no":6986149,"error_msg":"OK"}

Jun 28, 2016 9:58:27 AM utility.ApiHandler makeSimplePostCall
INFO: HTTP/1.1 200 OK
Jun 28, 2016 9:58:27 AM utility.ApiHandler makeSimplePostCall
INFO: {"error_code":0,"error_msg":"OK"}

Jun 28, 2016 9:58:28 AM utility.ApiHandler makeSimplePostCall
INFO: HTTP/1.1 200 OK
Jun 28, 2016 9:58:28 AM utility.ApiHandler makeSimplePostCall
INFO: {"error_code":0,"error_msg":"OK"}

Jun 28, 2016 10:14:18 AM utility.CsvHandler readCSV
INFO: headers Size: 23|| tokens Size: 23
Jun 28, 2016 10:14:18 AM utility.ApiHandler makePostCall
INFO: SIZE: 1
Jun 28, 2016 10:14:20 AM utility.ApiHandler makePostCall
INFO: HTTP/1.1 200 OK
Jun 28, 2016 10:14:20 AM utility.ApiHandler makePostCall
INFO: {"error_code":0,"usage_rec_no":6986838,"error_msg":"OK"}

Jun 28, 2016 10:38:03 AM utility.ApiHandler makeSimplePostCall
INFO: HTTP/1.1 200 OK
Jun 28, 2016 10:38:03 AM utility.ApiHandler makeSimplePostCall
INFO: {"error_code":0,"error_msg":"OK"}

Jun 28, 2016 10:38:04 AM utility.ApiHandler makeSimplePostCall
INFO: HTTP/1.1 200 OK
Jun 28, 2016 10:38:04 AM utility.ApiHandler makeSimplePostCall
INFO: {"error_code":0,"error_msg":"OK"}

Jun 28, 2016 10:39:28 AM utility.CsvHandler readCSV
INFO: headers Size: 23|| tokens Size: 23
Jun 28, 2016 10:39:28 AM utility.ApiHandler makePostCall
INFO: SIZE: 1
Jun 28, 2016 10:39:29 AM utility.ApiHandler makePostCall
INFO: HTTP/1.1 200 OK
Jun 28, 2016 10:39:29 AM utility.ApiHandler makePostCall
INFO: {"error_code":0,"usage_rec_no":6986849,"error_msg":"OK"}

Jun 28, 2016 11:01:03 AM utility.ApiHandler makeSimplePostCall
INFO: HTTP/1.1 200 OK
Jun 28, 2016 11:01:03 AM utility.ApiHandler makeSimplePostCall
INFO: {"error_code":0,"error_msg":"OK"}

Jun 28, 2016 11:01:05 AM utility.ApiHandler makeSimplePostCall
INFO: HTTP/1.1 200 OK
Jun 28, 2016 11:01:05 AM utility.ApiHandler makeSimplePostCall
INFO: {"error_code":0,"error_msg":"OK"}

Jun 28, 2016 11:02:29 AM utility.CsvHandler readCSV
INFO: headers Size: 23|| tokens Size: 23
Jun 28, 2016 11:02:29 AM utility.ApiHandler makePostCall
INFO: SIZE: 1
Jun 28, 2016 11:02:31 AM utility.ApiHandler makePostCall
INFO: HTTP/1.1 200 OK
Jun 28, 2016 11:02:31 AM utility.ApiHandler makePostCall
INFO: {"error_code":0,"usage_rec_no":6986858,"error_msg":"OK"}

Jun 28, 2016 11:12:16 AM utility.ApiHandler makeSimplePostCall
INFO: HTTP/1.1 200 OK
Jun 28, 2016 11:12:16 AM utility.ApiHandler makeSimplePostCall
INFO: {"error_code":0,"error_msg":"OK"}

Jun 28, 2016 11:12:17 AM utility.ApiHandler makeSimplePostCall
INFO: HTTP/1.1 200 OK
Jun 28, 2016 11:12:17 AM utility.ApiHandler makeSimplePostCall
INFO: {"error_code":0,"error_msg":"OK"}

Jun 28, 2016 11:13:49 AM utility.CsvHandler readCSV
INFO: headers Size: 23|| tokens Size: 23
Jun 28, 2016 11:13:49 AM utility.ApiHandler makePostCall
INFO: SIZE: 1
Jun 28, 2016 11:13:52 AM utility.ApiHandler makePostCall
INFO: HTTP/1.1 200 OK
Jun 28, 2016 11:13:52 AM utility.ApiHandler makePostCall
INFO: {"error_code":0,"usage_rec_no":6986864,"error_msg":"OK"}

Jun 28, 2016 11:34:06 AM utility.ApiHandler makeSimplePostCall
INFO: HTTP/1.1 200 OK
Jun 28, 2016 11:34:06 AM utility.ApiHandler makeSimplePostCall
INFO: {"error_code":0,"error_msg":"OK"}

Jun 28, 2016 11:34:08 AM utility.ApiHandler makeSimplePostCall
INFO: HTTP/1.1 200 OK
Jun 28, 2016 11:34:08 AM utility.ApiHandler makeSimplePostCall
INFO: {"error_code":0,"error_msg":"OK"}

Jun 28, 2016 11:35:47 AM utility.CsvHandler readCSV
INFO: headers Size: 23|| tokens Size: 23
Jun 28, 2016 11:35:47 AM utility.ApiHandler makePostCall
INFO: SIZE: 1
Jun 28, 2016 11:35:49 AM utility.ApiHandler makePostCall
INFO: HTTP/1.1 200 OK
Jun 28, 2016 11:35:49 AM utility.ApiHandler makePostCall
INFO: {"error_code":0,"usage_rec_no":6986874,"error_msg":"OK"}

Jun 28, 2016 11:42:57 AM utility.ApiHandler makeSimplePostCall
INFO: HTTP/1.1 200 OK
Jun 28, 2016 11:42:57 AM utility.ApiHandler makeSimplePostCall
INFO: {"error_code":0,"error_msg":"OK"}

Jun 28, 2016 11:42:59 AM utility.ApiHandler makeSimplePostCall
INFO: HTTP/1.1 200 OK
Jun 28, 2016 11:42:59 AM utility.ApiHandler makeSimplePostCall
INFO: {"error_code":0,"error_msg":"OK"}

Jun 28, 2016 11:44:39 AM utility.CsvHandler readCSV
INFO: headers Size: 23|| tokens Size: 23
Jun 28, 2016 11:44:39 AM utility.ApiHandler makePostCall
INFO: SIZE: 1
Jun 28, 2016 11:44:41 AM utility.ApiHandler makePostCall
INFO: HTTP/1.1 200 OK
Jun 28, 2016 11:44:41 AM utility.ApiHandler makePostCall
INFO: {"error_code":0,"usage_rec_no":6986879,"error_msg":"OK"}

Jun 28, 2016 12:15:21 PM utility.ApiHandler makeSimplePostCall
INFO: HTTP/1.1 200 OK
Jun 28, 2016 12:15:21 PM utility.ApiHandler makeSimplePostCall
INFO: {"error_code":0,"error_msg":"OK"}

Jun 28, 2016 12:15:22 PM utility.ApiHandler makeSimplePostCall
INFO: HTTP/1.1 200 OK
Jun 28, 2016 12:15:22 PM utility.ApiHandler makeSimplePostCall
INFO: {"error_code":0,"error_msg":"OK"}

Jun 28, 2016 12:17:01 PM utility.ApiHandler makePostCall
INFO: SIZE: 0
Jun 28, 2016 12:23:11 PM utility.ApiHandler makeSimplePostCall
INFO: HTTP/1.1 200 OK
Jun 28, 2016 12:23:11 PM utility.ApiHandler makeSimplePostCall
INFO: {"error_code":0,"error_msg":"OK"}

Jun 28, 2016 12:23:13 PM utility.ApiHandler makeSimplePostCall
INFO: HTTP/1.1 200 OK
Jun 28, 2016 12:23:13 PM utility.ApiHandler makeSimplePostCall
INFO: {"error_code":0,"error_msg":"OK"}

Jun 28, 2016 12:24:48 PM utility.ApiHandler makePostCall
INFO: SIZE: 0
Jun 28, 2016 12:47:58 PM utility.ApiHandler makeSimplePostCall
INFO: HTTP/1.1 200 OK
Jun 28, 2016 12:47:58 PM utility.ApiHandler makeSimplePostCall
INFO: {"error_code":0,"error_msg":"OK"}

Jun 28, 2016 12:48:00 PM utility.ApiHandler makeSimplePostCall
INFO: HTTP/1.1 200 OK
Jun 28, 2016 12:48:00 PM utility.ApiHandler makeSimplePostCall
INFO: {"error_code":0,"error_msg":"OK"}

Jun 28, 2016 12:49:25 PM utility.CsvHandler readCSV
INFO: headers Size: 23|| tokens Size: 23
Jun 28, 2016 12:49:25 PM utility.ApiHandler makePostCall
INFO: SIZE: 1
Jun 28, 2016 12:49:27 PM utility.ApiHandler makePostCall
INFO: HTTP/1.1 200 OK
Jun 28, 2016 12:49:27 PM utility.ApiHandler makePostCall
INFO: {"error_code":0,"usage_rec_no":6986910,"error_msg":"OK"}

Jun 28, 2016 1:12:17 PM utility.ApiHandler makeSimplePostCall
INFO: HTTP/1.1 200 OK
Jun 28, 2016 1:12:17 PM utility.ApiHandler makeSimplePostCall
INFO: {"error_code":0,"error_msg":"OK"}

Jun 28, 2016 1:13:46 PM utility.CsvHandler readCSV
INFO: headers Size: 23|| tokens Size: 23
Jun 28, 2016 1:13:46 PM utility.ApiHandler makePostCall
INFO: SIZE: 1
Jun 28, 2016 1:13:48 PM utility.ApiHandler makePostCall
INFO: HTTP/1.1 200 OK
Jun 28, 2016 1:13:48 PM utility.ApiHandler makePostCall
INFO: {"error_code":0,"usage_rec_no":6986920,"error_msg":"OK"}

Jun 28, 2016 2:12:23 PM utility.ApiHandler makeSimplePostCall
INFO: HTTP/1.1 200 OK
Jun 28, 2016 2:12:23 PM utility.ApiHandler makeSimplePostCall
INFO: {"error_code":0,"error_msg":"OK"}

Jun 28, 2016 2:12:25 PM utility.ApiHandler makeSimplePostCall
INFO: HTTP/1.1 200 OK
Jun 28, 2016 2:12:25 PM utility.ApiHandler makeSimplePostCall
INFO: {"error_code":0,"error_msg":"OK"}

Jun 28, 2016 2:13:49 PM utility.CsvHandler readCSV
INFO: headers Size: 23|| tokens Size: 23
Jun 28, 2016 2:13:49 PM utility.ApiHandler makePostCall
INFO: SIZE: 1
Jun 28, 2016 2:13:50 PM utility.ApiHandler makePostCall
INFO: HTTP/1.1 200 OK
Jun 28, 2016 2:13:50 PM utility.ApiHandler makePostCall
INFO: {"error_code":0,"usage_rec_no":6986944,"error_msg":"OK"}

Jun 28, 2016 3:53:09 PM utility.ApiHandler makeSimplePostCall
INFO: HTTP/1.1 200 OK
Jun 28, 2016 3:53:09 PM utility.ApiHandler makeSimplePostCall
INFO: {"error_code":1010,"error_msg":"One of the following parameters is required: client_supp_plan_id, supp_plan_no"}

Jun 29, 2016 10:50:10 AM utility.ApiHandler makeSimplePostCall
INFO: HTTP/1.1 200 OK
Jun 29, 2016 10:50:10 AM utility.ApiHandler makeSimplePostCall
INFO: {"error_code":0,"error_msg":"OK"}

Jun 29, 2016 10:50:11 AM utility.ApiHandler makeSimplePostCall
INFO: HTTP/1.1 200 OK
Jun 29, 2016 10:50:11 AM utility.ApiHandler makeSimplePostCall
INFO: {"error_code":0,"error_msg":"OK"}

Jun 29, 2016 10:51:01 AM utility.CsvHandler readCSV
INFO: headers Size: 23|| tokens Size: 23
Jun 29, 2016 10:51:01 AM utility.ApiHandler makePostCall
INFO: SIZE: 1
Jun 29, 2016 10:51:03 AM utility.ApiHandler makePostCall
INFO: HTTP/1.1 200 OK
Jun 29, 2016 10:51:03 AM utility.ApiHandler makePostCall
INFO: {"error_code":0,"usage_rec_no":6993650,"error_msg":"OK"}

Jun 29, 2016 10:59:42 AM utility.ApiHandler makeSimplePostCall
INFO: HTTP/1.1 200 OK
Jun 29, 2016 10:59:42 AM utility.ApiHandler makeSimplePostCall
INFO: {"error_code":0,"error_msg":"OK"}

Jun 29, 2016 11:00:15 AM utility.CsvHandler readCSV
INFO: headers Size: 23|| tokens Size: 23
Jun 29, 2016 11:00:15 AM utility.ApiHandler makePostCall
INFO: SIZE: 1
Jun 29, 2016 11:00:17 AM utility.ApiHandler makePostCall
INFO: HTTP/1.1 200 OK
Jun 29, 2016 11:00:17 AM utility.ApiHandler makePostCall
INFO: {"error_code":0,"usage_rec_no":6993655,"error_msg":"OK"}

Jun 29, 2016 11:21:49 AM utility.ApiHandler makeSimplePostCall
INFO: HTTP/1.1 200 OK
Jun 29, 2016 11:21:49 AM utility.ApiHandler makeSimplePostCall
INFO: {"error_code":1010,"error_msg":"One of the following parameters is required: client_supp_plan_id, supp_plan_no"}

Jun 29, 2016 11:22:15 AM utility.ApiHandler makeSimplePostCall
INFO: HTTP/1.1 200 OK
Jun 29, 2016 11:22:15 AM utility.ApiHandler makeSimplePostCall
INFO: {"error_code":0,"error_msg":"OK"}

Jun 29, 2016 11:22:16 AM utility.ApiHandler makeSimplePostCall
INFO: HTTP/1.1 200 OK
Jun 29, 2016 11:22:16 AM utility.ApiHandler makeSimplePostCall
INFO: {"error_code":0,"error_msg":"OK"}

Jun 29, 2016 11:28:58 AM utility.CsvHandler readCSV
INFO: headers Size: 23|| tokens Size: 23
Jun 29, 2016 11:28:58 AM utility.ApiHandler makePostCall
INFO: SIZE: 1
Jun 29, 2016 11:29:00 AM utility.ApiHandler makePostCall
INFO: HTTP/1.1 200 OK
Jun 29, 2016 11:29:00 AM utility.ApiHandler makePostCall
INFO: {"error_code":0,"usage_rec_no":6993667,"error_msg":"OK"}

Jun 29, 2016 11:38:17 AM utility.CsvHandler readCSV
INFO: headers Size: 23|| tokens Size: 23
Jun 29, 2016 11:38:17 AM utility.ApiHandler makePostCall
INFO: SIZE: 1
Jun 29, 2016 11:38:19 AM utility.ApiHandler makePostCall
INFO: HTTP/1.1 200 OK
Jun 29, 2016 11:38:19 AM utility.ApiHandler makePostCall
INFO: {"error_code":0,"usage_rec_no":6993672,"error_msg":"OK"}

Jun 29, 2016 11:47:00 AM utility.ApiHandler makeSimplePostCall
INFO: HTTP/1.1 200 OK
Jun 29, 2016 11:47:00 AM utility.ApiHandler makeSimplePostCall
INFO: {"error_code":0,"error_msg":"OK"}

Jun 29, 2016 11:47:02 AM utility.ApiHandler makeSimplePostCall
INFO: HTTP/1.1 200 OK
Jun 29, 2016 11:47:02 AM utility.ApiHandler makeSimplePostCall
INFO: {"error_code":0,"error_msg":"OK"}

Jun 29, 2016 11:47:38 AM utility.CsvHandler readCSV
INFO: headers Size: 23|| tokens Size: 23
Jun 29, 2016 11:47:38 AM utility.ApiHandler makePostCall
INFO: SIZE: 1
Jun 29, 2016 11:47:40 AM utility.ApiHandler makePostCall
INFO: HTTP/1.1 200 OK
Jun 29, 2016 11:47:40 AM utility.ApiHandler makePostCall
INFO: {"error_code":0,"usage_rec_no":6993677,"error_msg":"OK"}

Jun 29, 2016 11:53:30 AM utility.ApiHandler makeSimplePostCall
INFO: HTTP/1.1 200 OK
Jun 29, 2016 11:53:30 AM utility.ApiHandler makeSimplePostCall
INFO: {"error_code":0,"error_msg":"OK"}

Jun 29, 2016 11:53:31 AM utility.ApiHandler makeSimplePostCall
INFO: HTTP/1.1 200 OK
Jun 29, 2016 11:53:31 AM utility.ApiHandler makeSimplePostCall
INFO: {"error_code":0,"error_msg":"OK"}

Jun 29, 2016 11:54:06 AM utility.CsvHandler readCSV
INFO: headers Size: 23|| tokens Size: 23
Jun 29, 2016 11:54:06 AM utility.ApiHandler makePostCall
INFO: SIZE: 1
Jun 29, 2016 11:54:07 AM utility.ApiHandler makePostCall
INFO: HTTP/1.1 200 OK
Jun 29, 2016 11:54:07 AM utility.ApiHandler makePostCall
INFO: {"error_code":0,"usage_rec_no":6993681,"error_msg":"OK"}

Jun 29, 2016 12:03:08 PM utility.ApiHandler makeSimplePostCall
INFO: HTTP/1.1 200 OK
Jun 29, 2016 12:03:08 PM utility.ApiHandler makeSimplePostCall
INFO: {"error_code":0,"error_msg":"OK"}

Jun 29, 2016 12:03:10 PM utility.ApiHandler makeSimplePostCall
INFO: HTTP/1.1 200 OK
Jun 29, 2016 12:03:10 PM utility.ApiHandler makeSimplePostCall
INFO: {"error_code":0,"error_msg":"OK"}

Jun 29, 2016 12:03:42 PM utility.CsvHandler readCSV
INFO: headers Size: 23|| tokens Size: 23
Jun 29, 2016 12:03:42 PM utility.ApiHandler makePostCall
INFO: SIZE: 1
Jun 29, 2016 12:03:44 PM utility.ApiHandler makePostCall
INFO: HTTP/1.1 200 OK
Jun 29, 2016 12:03:44 PM utility.ApiHandler makePostCall
INFO: {"error_code":0,"usage_rec_no":6993685,"error_msg":"OK"}

Jun 29, 2016 12:06:53 PM utility.CsvHandler readCSV
INFO: headers Size: 23|| tokens Size: 23
Jun 29, 2016 12:06:53 PM utility.ApiHandler makePostCall
INFO: SIZE: 1
Jun 29, 2016 12:06:55 PM utility.ApiHandler makePostCall
INFO: HTTP/1.1 200 OK
Jun 29, 2016 12:06:55 PM utility.ApiHandler makePostCall
INFO: {"error_code":20006,"usage_rec_no":null,"error_msg":"usage code or type not on active plan"}

Jun 29, 2016 12:23:04 PM utility.ApiHandler makeSimplePostCall
INFO: HTTP/1.1 200 OK
Jun 29, 2016 12:23:04 PM utility.ApiHandler makeSimplePostCall
INFO: {"error_code":0,"error_msg":"OK"}

Jun 29, 2016 12:23:05 PM utility.ApiHandler makeSimplePostCall
INFO: HTTP/1.1 200 OK
Jun 29, 2016 12:23:05 PM utility.ApiHandler makeSimplePostCall
INFO: {"error_code":0,"error_msg":"OK"}

Jun 30, 2016 10:16:31 AM utility.ApiHandler makeSimplePostCall
INFO: HTTP/1.1 200 OK
Jun 30, 2016 10:16:31 AM utility.ApiHandler makeSimplePostCall
INFO: {"error_code":0,"error_msg":"OK"}

Jun 30, 2016 10:17:22 AM utility.CsvHandler readCSV
INFO: headers Size: 23|| tokens Size: 23
Jun 30, 2016 10:17:22 AM utility.ApiHandler makePostCall
INFO: SIZE: 1
Jun 30, 2016 10:17:24 AM utility.ApiHandler makePostCall
INFO: HTTP/1.1 200 OK
Jun 30, 2016 10:17:24 AM utility.ApiHandler makePostCall
INFO: {"error_code":0,"usage_rec_no":6998162,"error_msg":"OK"}

Jun 30, 2016 10:23:52 AM utility.ApiHandler makeSimplePostCall
INFO: HTTP/1.1 200 OK
Jun 30, 2016 10:23:52 AM utility.ApiHandler makeSimplePostCall
INFO: {"error_code":0,"error_msg":"OK"}

Jun 30, 2016 10:25:19 AM utility.CsvHandler readCSV
INFO: headers Size: 23|| tokens Size: 23
Jun 30, 2016 10:25:19 AM utility.ApiHandler makePostCall
INFO: SIZE: 1
Jun 30, 2016 10:25:21 AM utility.ApiHandler makePostCall
INFO: HTTP/1.1 200 OK
Jun 30, 2016 10:25:21 AM utility.ApiHandler makePostCall
INFO: {"error_code":0,"usage_rec_no":6998167,"error_msg":"OK"}

Jun 30, 2016 11:01:52 AM utility.ApiHandler makeSimplePostCall
INFO: HTTP/1.1 200 OK
Jun 30, 2016 11:01:52 AM utility.ApiHandler makeSimplePostCall
INFO: {"error_code":0,"error_msg":"OK"}

Jun 30, 2016 11:01:53 AM utility.ApiHandler makeSimplePostCall
INFO: HTTP/1.1 200 OK
Jun 30, 2016 11:01:53 AM utility.ApiHandler makeSimplePostCall
INFO: {"error_code":0,"error_msg":"OK"}

Jun 30, 2016 11:03:07 AM utility.CsvHandler readCSV
INFO: headers Size: 23|| tokens Size: 23
Jun 30, 2016 11:03:07 AM utility.ApiHandler makePostCall
INFO: SIZE: 1
Jun 30, 2016 11:03:09 AM utility.ApiHandler makePostCall
INFO: HTTP/1.1 200 OK
Jun 30, 2016 11:03:09 AM utility.ApiHandler makePostCall
INFO: {"error_code":0,"usage_rec_no":6998183,"error_msg":"OK"}

Jun 30, 2016 12:12:46 PM utility.ApiHandler makeSimplePostCall
INFO: HTTP/1.1 200 OK
Jun 30, 2016 12:12:46 PM utility.ApiHandler makeSimplePostCall
INFO: {"error_code":0,"error_msg":"OK"}

Jun 30, 2016 12:12:49 PM utility.ApiHandler makeSimplePostCall
INFO: HTTP/1.1 200 OK
Jun 30, 2016 12:12:49 PM utility.ApiHandler makeSimplePostCall
INFO: {"error_code":0,"error_msg":"OK"}

Jun 30, 2016 12:13:33 PM utility.CsvHandler readCSV
INFO: headers Size: 23|| tokens Size: 23
Jun 30, 2016 12:13:33 PM utility.ApiHandler makePostCall
INFO: SIZE: 1
Jun 30, 2016 12:13:36 PM utility.ApiHandler makePostCall
INFO: HTTP/1.1 200 OK
Jun 30, 2016 12:13:36 PM utility.ApiHandler makePostCall
INFO: {"error_code":0,"usage_rec_no":6998212,"error_msg":"OK"}

Jun 30, 2016 12:27:19 PM utility.ApiHandler makeSimplePostCall
INFO: HTTP/1.1 200 OK
Jun 30, 2016 12:27:19 PM utility.ApiHandler makeSimplePostCall
INFO: {"error_code":0,"error_msg":"OK"}

Jun 30, 2016 12:28:07 PM utility.CsvHandler readCSV
INFO: headers Size: 23|| tokens Size: 23
Jun 30, 2016 12:28:07 PM utility.ApiHandler makePostCall
INFO: SIZE: 1
Jun 30, 2016 12:28:09 PM utility.ApiHandler makePostCall
INFO: HTTP/1.1 200 OK
Jun 30, 2016 12:28:09 PM utility.ApiHandler makePostCall
INFO: {"error_code":0,"usage_rec_no":6998219,"error_msg":"OK"}

Jun 30, 2016 12:35:14 PM utility.ApiHandler makeSimplePostCall
INFO: HTTP/1.1 200 OK
Jun 30, 2016 12:35:14 PM utility.ApiHandler makeSimplePostCall
INFO: {"error_code":0,"error_msg":"OK"}

Jun 30, 2016 12:37:48 PM utility.CsvHandler readCSV
INFO: headers Size: 23|| tokens Size: 23
Jun 30, 2016 12:37:48 PM utility.ApiHandler makePostCall
INFO: SIZE: 1
Jun 30, 2016 12:37:50 PM utility.ApiHandler makePostCall
INFO: HTTP/1.1 200 OK
Jun 30, 2016 12:37:50 PM utility.ApiHandler makePostCall
INFO: {"error_code":0,"usage_rec_no":6998223,"error_msg":"OK"}

Jun 30, 2016 12:56:03 PM utility.ApiHandler makeSimplePostCall
INFO: HTTP/1.1 200 OK
Jun 30, 2016 12:56:03 PM utility.ApiHandler makeSimplePostCall
INFO: {"error_code":0,"error_msg":"OK"}

Jun 30, 2016 12:56:05 PM utility.ApiHandler makeSimplePostCall
INFO: HTTP/1.1 200 OK
Jun 30, 2016 12:56:05 PM utility.ApiHandler makeSimplePostCall
INFO: {"error_code":0,"error_msg":"OK"}

Jun 30, 2016 12:56:49 PM utility.CsvHandler readCSV
INFO: headers Size: 23|| tokens Size: 23
Jun 30, 2016 12:56:49 PM utility.ApiHandler makePostCall
INFO: SIZE: 1
Jun 30, 2016 12:56:51 PM utility.ApiHandler makePostCall
INFO: HTTP/1.1 200 OK
Jun 30, 2016 12:56:51 PM utility.ApiHandler makePostCall
INFO: {"error_code":0,"usage_rec_no":6998232,"error_msg":"OK"}

Jun 30, 2016 1:01:15 PM utility.ApiHandler makeSimplePostCall
INFO: HTTP/1.1 200 OK
Jun 30, 2016 1:01:15 PM utility.ApiHandler makeSimplePostCall
INFO: {"error_code":0,"error_msg":"OK"}

Jun 30, 2016 1:01:56 PM utility.CsvHandler readCSV
INFO: headers Size: 23|| tokens Size: 23
Jun 30, 2016 1:01:56 PM utility.ApiHandler makePostCall
INFO: SIZE: 1
Jun 30, 2016 1:01:58 PM utility.ApiHandler makePostCall
INFO: HTTP/1.1 200 OK
Jun 30, 2016 1:01:58 PM utility.ApiHandler makePostCall
INFO: {"error_code":0,"usage_rec_no":6998235,"error_msg":"OK"}

Jun 30, 2016 1:06:53 PM utility.CsvHandler readCSV
INFO: headers Size: 23|| tokens Size: 23
Jun 30, 2016 1:06:53 PM utility.ApiHandler makePostCall
INFO: SIZE: 1
Jun 30, 2016 1:06:55 PM utility.ApiHandler makePostCall
INFO: HTTP/1.1 200 OK
Jun 30, 2016 1:06:55 PM utility.ApiHandler makePostCall
INFO: {"error_code":0,"usage_rec_no":6998239,"error_msg":"OK"}

